<?xml version="1.0" encoding="UTF-8"?>
<testsuites>
  <testsuite name="unit" tests="1" assertions="1" failures="0" errors="0" time="0.022777">
    <testsuite name="Jadu\Tests\AddressFinderClient\AddressFinderClientTest" file="/Users/JordanMoran/Git/Projects/jadu/address-finder-client/tests/unit/AddressFinderClient/AddressFinderClientTest.php" tests="1" assertions="1" failures="0" errors="0" time="0.022777">
      <testcase name="testRequests" class="Jadu\Tests\AddressFinderClient\AddressFinderClientTest" file="/Users/JordanMoran/Git/Projects/jadu/address-finder-client/tests/unit/AddressFinderClient/AddressFinderClientTest.php" line="45" assertions="1" time="0.022777"/>
    </testsuite>
  </testsuite>
</testsuites>
